 
[1109] - Gracefully shutting down workers...
[1109] === puma shutdown: 2015-12-19 12:45:14 +0400 ===
[1109] - Goodbye!
=== puma startup: 2015-12-19 12:45:20 +0400 ===
[6520] * Starting control server on unix:///tmp/puma-status-1450514720815-6520
[6520] - Worker 0 (pid: 6591) booted, phase: 0
[6520] - Worker 2 (pid: 6599) booted, phase: 0
[6520] - Worker 7 (pid: 6617) booted, phase: 0
[6520] - Worker 6 (pid: 6615) booted, phase: 0
[6520] - Worker 5 (pid: 6611) booted, phase: 0
[6520] - Worker 1 (pid: 6595) booted, phase: 0
[6520] - Worker 3 (pid: 6603) booted, phase: 0
[6520] - Worker 4 (pid: 6607) booted, phase: 0
[6520] - Gracefully shutting down workers...
[6520] === puma shutdown: 2015-12-19 12:56:19 +0400 ===
[6520] - Goodbye!
=== puma startup: 2015-12-19 12:56:31 +0400 ===
[6899] * Starting control server on unix:///tmp/puma-status-1450515391685-6899
[6899] - Worker 1 (pid: 6974) booted, phase: 0
[6899] - Worker 7 (pid: 6996) booted, phase: 0
[6899] - Worker 0 (pid: 6970) booted, phase: 0
[6899] - Worker 3 (pid: 6982) booted, phase: 0
[6899] - Worker 5 (pid: 6990) booted, phase: 0
[6899] - Worker 6 (pid: 6994) booted, phase: 0
[6899] - Worker 4 (pid: 6986) booted, phase: 0
[6899] - Worker 2 (pid: 6978) booted, phase: 0
[6899] - Gracefully shutting down workers...
[6899] === puma shutdown: 2015-12-19 12:57:27 +0400 ===
[6899] - Goodbye!
=== puma startup: 2015-12-19 12:57:31 +0400 ===
[7107] * Starting control server on unix:///tmp/puma-status-1450515451340-7107
[7107] - Worker 1 (pid: 7182) booted, phase: 0
[7107] - Worker 0 (pid: 7178) booted, phase: 0
[7107] - Worker 3 (pid: 7190) booted, phase: 0
[7107] - Worker 5 (pid: 7196) booted, phase: 0
[7107] - Worker 2 (pid: 7186) booted, phase: 0
[7107] - Worker 4 (pid: 7194) booted, phase: 0
[7107] - Worker 7 (pid: 7206) booted, phase: 0
[7107] - Worker 6 (pid: 7200) booted, phase: 0
[7107] - Gracefully shutting down workers...
[7107] === puma shutdown: 2015-12-19 13:10:35 +0400 ===
[7107] - Goodbye!
=== puma startup: 2015-12-19 13:10:49 +0400 ===
[7751] * Starting control server on unix:///tmp/puma-status-1450516249892-7751
[7751] - Worker 2 (pid: 7831) booted, phase: 0
[7751] - Worker 3 (pid: 7835) booted, phase: 0
[7751] - Worker 1 (pid: 7827) booted, phase: 0
[7751] - Worker 6 (pid: 7847) booted, phase: 0
[7751] - Worker 5 (pid: 7841) booted, phase: 0
[7751] - Worker 7 (pid: 7851) booted, phase: 0
[7751] - Worker 4 (pid: 7839) booted, phase: 0
[7751] - Worker 0 (pid: 7823) booted, phase: 0
[7751] - Gracefully shutting down workers...
[7751] === puma shutdown: 2015-12-19 13:21:31 +0400 ===
[7751] - Goodbye!
